{"/Users/saurabhchopra/personal/futures/app/Entrypoint.tsx": {"path":"/Users/saurabhchopra/personal/futures/app/Entrypoint.tsx","statementMap":{"0":{"start":{"line":19,"column":26},"end":{"line":25,"column":1}},"1":{"start":{"line":27,"column":23},"end":{"line":33,"column":1}},"2":{"start":{"line":35,"column":29},"end":{"line":38,"column":1}},"3":{"start":{"line":40,"column":26},"end":{"line":49,"column":1}},"4":{"start":{"line":51,"column":29},"end":{"line":51,"column":45}},"5":{"start":{"line":57,"column":33},"end":{"line":67,"column":1}},"6":{"start":{"line":58,"column":17},"end":{"line":58,"column":74}},"7":{"start":{"line":58,"column":48},"end":{"line":58,"column":73}},"8":{"start":{"line":59,"column":21},"end":{"line":59,"column":64}},"9":{"start":{"line":60,"column":24},"end":{"line":60,"column":73}},"10":{"start":{"line":62,"column":2},"end":{"line":66,"column":4}},"11":{"start":{"line":69,"column":29},"end":{"line":77,"column":1}},"12":{"start":{"line":70,"column":2},"end":{"line":76,"column":4}}},"fnMap":{"0":{"name":"(anonymous_0)","decl":{"start":{"line":57,"column":33},"end":{"line":57,"column":34}},"loc":{"start":{"line":57,"column":39},"end":{"line":67,"column":1}},"line":57},"1":{"name":"(anonymous_1)","decl":{"start":{"line":58,"column":29},"end":{"line":58,"column":30}},"loc":{"start":{"line":58,"column":48},"end":{"line":58,"column":73}},"line":58},"2":{"name":"(anonymous_2)","decl":{"start":{"line":69,"column":29},"end":{"line":69,"column":30}},"loc":{"start":{"line":69,"column":35},"end":{"line":77,"column":1}},"line":69}},"branchMap":{"0":{"loc":{"start":{"line":59,"column":21},"end":{"line":59,"column":64}},"type":"cond-expr","locations":[{"start":{"line":59,"column":30},"end":{"line":59,"column":44}},{"start":{"line":59,"column":47},"end":{"line":59,"column":64}}],"line":59},"1":{"loc":{"start":{"line":60,"column":24},"end":{"line":60,"column":73}},"type":"cond-expr","locations":[{"start":{"line":60,"column":33},"end":{"line":60,"column":50}},{"start":{"line":60,"column":53},"end":{"line":60,"column":73}}],"line":60}},"s":{"0":0,"1":0,"2":0,"3":0,"4":0,"5":0,"6":0,"7":0,"8":0,"9":0,"10":0,"11":0,"12":0},"f":{"0":0,"1":0,"2":0},"b":{"0":[0,0],"1":[0,0]},"hash":"91018d779d87b91ceb29fbdc3211ede8ea911e37"}
,"/Users/saurabhchopra/personal/futures/app/components/OrderBookTable.tsx": {"path":"/Users/saurabhchopra/personal/futures/app/components/OrderBookTable.tsx","statementMap":{"0":{"start":{"line":12,"column":33},"end":{"line":50,"column":1}},"1":{"start":{"line":13,"column":15},"end":{"line":13,"column":75}},"2":{"start":{"line":13,"column":46},"end":{"line":13,"column":74}},"3":{"start":{"line":14,"column":15},"end":{"line":14,"column":75}},"4":{"start":{"line":14,"column":46},"end":{"line":14,"column":74}},"5":{"start":{"line":16,"column":2},"end":{"line":49,"column":4}},"6":{"start":{"line":27,"column":12},"end":{"line":33,"column":14}},"7":{"start":{"line":39,"column":12},"end":{"line":45,"column":14}}},"fnMap":{"0":{"name":"(anonymous_0)","decl":{"start":{"line":12,"column":33},"end":{"line":12,"column":34}},"loc":{"start":{"line":12,"column":39},"end":{"line":50,"column":1}},"line":12},"1":{"name":"(anonymous_1)","decl":{"start":{"line":13,"column":27},"end":{"line":13,"column":28}},"loc":{"start":{"line":13,"column":46},"end":{"line":13,"column":74}},"line":13},"2":{"name":"(anonymous_2)","decl":{"start":{"line":14,"column":27},"end":{"line":14,"column":28}},"loc":{"start":{"line":14,"column":46},"end":{"line":14,"column":74}},"line":14},"3":{"name":"(anonymous_3)","decl":{"start":{"line":26,"column":19},"end":{"line":26,"column":20}},"loc":{"start":{"line":26,"column":47},"end":{"line":34,"column":11}},"line":26},"4":{"name":"(anonymous_4)","decl":{"start":{"line":38,"column":19},"end":{"line":38,"column":20}},"loc":{"start":{"line":38,"column":47},"end":{"line":46,"column":11}},"line":38}},"branchMap":{"0":{"loc":{"start":{"line":25,"column":9},"end":{"line":34,"column":12}},"type":"binary-expr","locations":[{"start":{"line":25,"column":9},"end":{"line":25,"column":15}},{"start":{"line":26,"column":10},"end":{"line":34,"column":12}}],"line":25},"1":{"loc":{"start":{"line":37,"column":9},"end":{"line":46,"column":12}},"type":"binary-expr","locations":[{"start":{"line":37,"column":9},"end":{"line":37,"column":15}},{"start":{"line":38,"column":10},"end":{"line":46,"column":12}}],"line":37}},"s":{"0":2,"1":2,"2":0,"3":2,"4":0,"5":2,"6":1,"7":1},"f":{"0":2,"1":0,"2":0,"3":1,"4":1},"b":{"0":[2,1],"1":[2,1]},"_coverageSchema":"43e27e138ebf9cfc5966b082cf9a028302ed4184","hash":"5042240773a62c3b27869d11219be7dcf83ef9d1"}
,"/Users/saurabhchopra/personal/futures/app/components/ThemeController.tsx": {"path":"/Users/saurabhchopra/personal/futures/app/components/ThemeController.tsx","statementMap":{"0":{"start":{"line":14,"column":34},"end":{"line":28,"column":1}},"1":{"start":{"line":15,"column":17},"end":{"line":15,"column":74}},"2":{"start":{"line":15,"column":48},"end":{"line":15,"column":73}},"3":{"start":{"line":17,"column":19},"end":{"line":17,"column":32}},"4":{"start":{"line":18,"column":24},"end":{"line":18,"column":76}},"5":{"start":{"line":18,"column":30},"end":{"line":18,"column":76}},"6":{"start":{"line":19,"column":19},"end":{"line":19,"column":67}},"7":{"start":{"line":20,"column":20},"end":{"line":20,"column":46}},"8":{"start":{"line":22,"column":2},"end":{"line":27,"column":4}},"9":{"start":{"line":30,"column":15},"end":{"line":38,"column":2}}},"fnMap":{"0":{"name":"(anonymous_0)","decl":{"start":{"line":14,"column":34},"end":{"line":14,"column":35}},"loc":{"start":{"line":14,"column":40},"end":{"line":28,"column":1}},"line":14},"1":{"name":"(anonymous_1)","decl":{"start":{"line":15,"column":29},"end":{"line":15,"column":30}},"loc":{"start":{"line":15,"column":48},"end":{"line":15,"column":73}},"line":15},"2":{"name":"(anonymous_2)","decl":{"start":{"line":18,"column":24},"end":{"line":18,"column":25}},"loc":{"start":{"line":18,"column":30},"end":{"line":18,"column":76}},"line":18}},"branchMap":{"0":{"loc":{"start":{"line":19,"column":19},"end":{"line":19,"column":67}},"type":"cond-expr","locations":[{"start":{"line":19,"column":28},"end":{"line":19,"column":43}},{"start":{"line":19,"column":46},"end":{"line":19,"column":67}}],"line":19},"1":{"loc":{"start":{"line":20,"column":20},"end":{"line":20,"column":46}},"type":"cond-expr","locations":[{"start":{"line":20,"column":29},"end":{"line":20,"column":36}},{"start":{"line":20,"column":39},"end":{"line":20,"column":46}}],"line":20}},"s":{"0":2,"1":3,"2":0,"3":3,"4":3,"5":0,"6":3,"7":3,"8":3,"9":2},"f":{"0":3,"1":0,"2":0},"b":{"0":[0,3],"1":[0,3]},"_coverageSchema":"43e27e138ebf9cfc5966b082cf9a028302ed4184","hash":"e1480cef37e6ff1756102772bbad2d055b96a6f8"}
,"/Users/saurabhchopra/personal/futures/app/lib/createReducer.ts": {"path":"/Users/saurabhchopra/personal/futures/app/lib/createReducer.ts","statementMap":{"0":{"start":{"line":6,"column":2},"end":{"line":12,"column":4}},"1":{"start":{"line":7,"column":4},"end":{"line":11,"column":5}},"2":{"start":{"line":8,"column":6},"end":{"line":8,"column":50}},"3":{"start":{"line":10,"column":6},"end":{"line":10,"column":19}}},"fnMap":{"0":{"name":"createReducer","decl":{"start":{"line":5,"column":24},"end":{"line":5,"column":37}},"loc":{"start":{"line":5,"column":72},"end":{"line":13,"column":1}},"line":5},"1":{"name":"reducer","decl":{"start":{"line":6,"column":18},"end":{"line":6,"column":25}},"loc":{"start":{"line":6,"column":61},"end":{"line":12,"column":3}},"line":6}},"branchMap":{"0":{"loc":{"start":{"line":6,"column":26},"end":{"line":6,"column":46}},"type":"default-arg","locations":[{"start":{"line":6,"column":34},"end":{"line":6,"column":46}}],"line":6},"1":{"loc":{"start":{"line":7,"column":4},"end":{"line":11,"column":5}},"type":"if","locations":[{"start":{"line":7,"column":4},"end":{"line":11,"column":5}},{"start":{"line":7,"column":4},"end":{"line":11,"column":5}}],"line":7}},"s":{"0":0,"1":0,"2":0,"3":0},"f":{"0":0,"1":0},"b":{"0":[0],"1":[0,0]},"hash":"fccfe8662b64a382af46bd079f94a4e649267c0a"}
,"/Users/saurabhchopra/personal/futures/app/models/actions/connection.ts": {"path":"/Users/saurabhchopra/personal/futures/app/models/actions/connection.ts","statementMap":{},"fnMap":{},"branchMap":{},"s":{},"f":{},"b":{},"hash":"758e3bedf44241c95c2c7af62bc03d62d32d5c44"}
,"/Users/saurabhchopra/personal/futures/app/models/actions/theme.ts": {"path":"/Users/saurabhchopra/personal/futures/app/models/actions/theme.ts","statementMap":{},"fnMap":{},"branchMap":{},"s":{},"f":{},"b":{},"hash":"bdd84846a48d4546fe069093beda841e5ff64679"}
,"/Users/saurabhchopra/personal/futures/app/models/api/order.ts": {"path":"/Users/saurabhchopra/personal/futures/app/models/api/order.ts","statementMap":{},"fnMap":{},"branchMap":{},"s":{},"f":{},"b":{},"hash":"f7c6dc513f9dbba485a384911ecee9446ed15e3e"}
,"/Users/saurabhchopra/personal/futures/app/models/reducers/connection.ts": {"path":"/Users/saurabhchopra/personal/futures/app/models/reducers/connection.ts","statementMap":{},"fnMap":{},"branchMap":{},"s":{},"f":{},"b":{},"hash":"93a97613d8b8bda99d8a2a29ca1bde967c5fbc57"}
,"/Users/saurabhchopra/personal/futures/app/models/reducers/loading.ts": {"path":"/Users/saurabhchopra/personal/futures/app/models/reducers/loading.ts","statementMap":{},"fnMap":{},"branchMap":{},"s":{},"f":{},"b":{},"hash":"74512003b795200aad565517130f9a83a07ebd1a"}
,"/Users/saurabhchopra/personal/futures/app/models/reducers/orderBook.ts": {"path":"/Users/saurabhchopra/personal/futures/app/models/reducers/orderBook.ts","statementMap":{},"fnMap":{},"branchMap":{},"s":{},"f":{},"b":{},"hash":"e27f91c99abb3525809e9e3ce552e04ea6a7178a"}
,"/Users/saurabhchopra/personal/futures/app/models/reducers/theme.ts": {"path":"/Users/saurabhchopra/personal/futures/app/models/reducers/theme.ts","statementMap":{},"fnMap":{},"branchMap":{},"s":{},"f":{},"b":{},"hash":"152b9fc9ffbd269c91194df1ea760d76d07b68f7"}
,"/Users/saurabhchopra/personal/futures/app/navigation/NavigationService.tsx": {"path":"/Users/saurabhchopra/personal/futures/app/navigation/NavigationService.tsx","statementMap":{"0":{"start":{"line":5,"column":29},"end":{"line":5,"column":70}},"1":{"start":{"line":8,"column":2},"end":{"line":8,"column":48}},"2":{"start":{"line":12,"column":2},"end":{"line":12,"column":34}}},"fnMap":{"0":{"name":"navigate","decl":{"start":{"line":7,"column":9},"end":{"line":7,"column":17}},"loc":{"start":{"line":7,"column":46},"end":{"line":9,"column":1}},"line":7},"1":{"name":"goBack","decl":{"start":{"line":11,"column":9},"end":{"line":11,"column":15}},"loc":{"start":{"line":11,"column":18},"end":{"line":13,"column":1}},"line":11}},"branchMap":{},"s":{"0":1,"1":0,"2":0},"f":{"0":0,"1":0},"b":{},"_coverageSchema":"43e27e138ebf9cfc5966b082cf9a028302ed4184","hash":"28f27b540ea3a926c7efda1774c9a2e2e6c2231b"}
,"/Users/saurabhchopra/personal/futures/app/navigation/NavigationStack.tsx": {"path":"/Users/saurabhchopra/personal/futures/app/navigation/NavigationStack.tsx","statementMap":{"0":{"start":{"line":12,"column":14},"end":{"line":12,"column":36}},"1":{"start":{"line":18,"column":30},"end":{"line":37,"column":1}},"2":{"start":{"line":19,"column":20},"end":{"line":19,"column":25}},"3":{"start":{"line":21,"column":2},"end":{"line":36,"column":4}},"4":{"start":{"line":31,"column":31},"end":{"line":31,"column":50}}},"fnMap":{"0":{"name":"(anonymous_0)","decl":{"start":{"line":18,"column":30},"end":{"line":18,"column":31}},"loc":{"start":{"line":18,"column":49},"end":{"line":37,"column":1}},"line":18},"1":{"name":"(anonymous_1)","decl":{"start":{"line":31,"column":25},"end":{"line":31,"column":26}},"loc":{"start":{"line":31,"column":31},"end":{"line":31,"column":50}},"line":31}},"branchMap":{"0":{"loc":{"start":{"line":23,"column":27},"end":{"line":23,"column":72}},"type":"cond-expr","locations":[{"start":{"line":23,"column":40},"end":{"line":23,"column":55}},{"start":{"line":23,"column":58},"end":{"line":23,"column":72}}],"line":23}},"s":{"0":1,"1":1,"2":1,"3":1,"4":2},"f":{"0":1,"1":2},"b":{"0":[1,0]},"_coverageSchema":"43e27e138ebf9cfc5966b082cf9a028302ed4184","hash":"e7f909383f3740097dd63a82018c6c88b049c830"}
,"/Users/saurabhchopra/personal/futures/app/navigation/index.tsx": {"path":"/Users/saurabhchopra/personal/futures/app/navigation/index.tsx","statementMap":{},"fnMap":{},"branchMap":{},"s":{},"f":{},"b":{},"hash":"9d1ca79fa8b8e30384f9592fe04bc184ada1889d"}
,"/Users/saurabhchopra/personal/futures/app/screens/Home/index.tsx": {"path":"/Users/saurabhchopra/personal/futures/app/screens/Home/index.tsx","statementMap":{"0":{"start":{"line":11,"column":23},"end":{"line":21,"column":1}},"1":{"start":{"line":12,"column":19},"end":{"line":12,"column":32}},"2":{"start":{"line":13,"column":2},"end":{"line":13,"column":49}},"3":{"start":{"line":15,"column":2},"end":{"line":20,"column":4}}},"fnMap":{"0":{"name":"(anonymous_0)","decl":{"start":{"line":11,"column":23},"end":{"line":11,"column":24}},"loc":{"start":{"line":11,"column":29},"end":{"line":21,"column":1}},"line":11}},"branchMap":{},"s":{"0":1,"1":1,"2":1,"3":1},"f":{"0":1},"b":{},"_coverageSchema":"43e27e138ebf9cfc5966b082cf9a028302ed4184","hash":"475f8db055dbfa46ac48dce957599b74a15e88a7"}
,"/Users/saurabhchopra/personal/futures/app/screens/Home/styles.ts": {"path":"/Users/saurabhchopra/personal/futures/app/screens/Home/styles.ts","statementMap":{"0":{"start":{"line":3,"column":15},"end":{"line":18,"column":2}}},"fnMap":{},"branchMap":{},"s":{"0":1},"f":{},"b":{},"_coverageSchema":"43e27e138ebf9cfc5966b082cf9a028302ed4184","hash":"52d3538eb989d012b798207a39172c7dae8b7d88"}
,"/Users/saurabhchopra/personal/futures/app/store/index.ts": {"path":"/Users/saurabhchopra/personal/futures/app/store/index.ts","statementMap":{"0":{"start":{"line":10,"column":15},"end":{"line":15,"column":1}},"1":{"start":{"line":17,"column":19},"end":{"line":17,"column":21}},"2":{"start":{"line":18,"column":23},"end":{"line":18,"column":45}},"3":{"start":{"line":20,"column":0},"end":{"line":20,"column":32}},"4":{"start":{"line":22,"column":0},"end":{"line":24,"column":1}},"5":{"start":{"line":23,"column":2},"end":{"line":23,"column":34}},"6":{"start":{"line":26,"column":17},"end":{"line":26,"column":61}},"7":{"start":{"line":27,"column":18},"end":{"line":27,"column":50}},"8":{"start":{"line":29,"column":27},"end":{"line":29,"column":40}},"9":{"start":{"line":30,"column":14},"end":{"line":30,"column":69}},"10":{"start":{"line":31,"column":18},"end":{"line":33,"column":2}},"11":{"start":{"line":34,"column":23},"end":{"line":36,"column":1}},"12":{"start":{"line":35,"column":2},"end":{"line":35,"column":30}},"13":{"start":{"line":38,"column":0},"end":{"line":38,"column":26}}},"fnMap":{"0":{"name":"(anonymous_0)","decl":{"start":{"line":31,"column":53},"end":{"line":31,"column":54}},"loc":{"start":{"line":31,"column":59},"end":{"line":33,"column":1}},"line":31},"1":{"name":"(anonymous_1)","decl":{"start":{"line":34,"column":23},"end":{"line":34,"column":24}},"loc":{"start":{"line":34,"column":29},"end":{"line":36,"column":1}},"line":34}},"branchMap":{"0":{"loc":{"start":{"line":22,"column":0},"end":{"line":24,"column":1}},"type":"if","locations":[{"start":{"line":22,"column":0},"end":{"line":24,"column":1}},{"start":{"line":22,"column":0},"end":{"line":24,"column":1}}],"line":22}},"s":{"0":0,"1":0,"2":0,"3":0,"4":0,"5":0,"6":0,"7":0,"8":0,"9":0,"10":0,"11":0,"12":0,"13":0},"f":{"0":0,"1":0},"b":{"0":[0,0]},"hash":"2766e653dc849d566f31a48a31617665d889d77c"}
,"/Users/saurabhchopra/personal/futures/app/store/actions/index.ts": {"path":"/Users/saurabhchopra/personal/futures/app/store/actions/index.ts","statementMap":{"0":{"start":{"line":6,"column":30},"end":{"line":11,"column":1}}},"fnMap":{},"branchMap":{},"s":{"0":0},"f":{},"b":{},"hash":"3f68e21160462188dc90647e4c6d69dfd600f70e"}
,"/Users/saurabhchopra/personal/futures/app/store/actions/navigationActions.ts": {"path":"/Users/saurabhchopra/personal/futures/app/store/actions/navigationActions.ts","statementMap":{"0":{"start":{"line":7,"column":2},"end":{"line":7,"column":45}},"1":{"start":{"line":11,"column":2},"end":{"line":11,"column":55}}},"fnMap":{"0":{"name":"navigateToHome","decl":{"start":{"line":6,"column":16},"end":{"line":6,"column":30}},"loc":{"start":{"line":6,"column":44},"end":{"line":8,"column":1}},"line":6},"1":{"name":"navigateToForgotPassword","decl":{"start":{"line":10,"column":16},"end":{"line":10,"column":40}},"loc":{"start":{"line":10,"column":55},"end":{"line":12,"column":1}},"line":10}},"branchMap":{},"s":{"0":0,"1":0},"f":{"0":0,"1":0},"b":{},"hash":"c74e25c7f97e384b9d4e02322b3053be0f9c54d9"}
,"/Users/saurabhchopra/personal/futures/app/store/actions/themeActions.ts": {"path":"/Users/saurabhchopra/personal/futures/app/store/actions/themeActions.ts","statementMap":{"0":{"start":{"line":4,"column":2},"end":{"line":7,"column":4}}},"fnMap":{"0":{"name":"setIsDarkTheme","decl":{"start":{"line":3,"column":16},"end":{"line":3,"column":30}},"loc":{"start":{"line":3,"column":47},"end":{"line":8,"column":1}},"line":3}},"branchMap":{},"s":{"0":1},"f":{"0":1},"b":{},"_coverageSchema":"43e27e138ebf9cfc5966b082cf9a028302ed4184","hash":"82d8e65b093a837c778194d957a5d7b9c20e0a5c"}
,"/Users/saurabhchopra/personal/futures/app/store/actions/types.ts": {"path":"/Users/saurabhchopra/personal/futures/app/store/actions/types.ts","statementMap":{"0":{"start":{"line":2,"column":40},"end":{"line":2,"column":66}},"1":{"start":{"line":3,"column":41},"end":{"line":3,"column":68}},"2":{"start":{"line":6,"column":28},"end":{"line":6,"column":42}},"3":{"start":{"line":9,"column":34},"end":{"line":9,"column":54}},"4":{"start":{"line":10,"column":35},"end":{"line":10,"column":56}},"5":{"start":{"line":11,"column":40},"end":{"line":11,"column":66}},"6":{"start":{"line":12,"column":33},"end":{"line":12,"column":52}},"7":{"start":{"line":13,"column":26},"end":{"line":13,"column":38}},"8":{"start":{"line":14,"column":34},"end":{"line":14,"column":54}},"9":{"start":{"line":16,"column":34},"end":{"line":16,"column":54}},"10":{"start":{"line":17,"column":31},"end":{"line":17,"column":48}}},"fnMap":{},"branchMap":{},"s":{"0":4,"1":4,"2":4,"3":4,"4":4,"5":4,"6":4,"7":4,"8":4,"9":4,"10":4},"f":{},"b":{},"_coverageSchema":"43e27e138ebf9cfc5966b082cf9a028302ed4184","hash":"5422ab24690c44943c10ef822180706085422aa2"}
,"/Users/saurabhchopra/personal/futures/app/store/actions/websocketActions.ts": {"path":"/Users/saurabhchopra/personal/futures/app/store/actions/websocketActions.ts","statementMap":{"0":{"start":{"line":8,"column":2},"end":{"line":10,"column":4}},"1":{"start":{"line":15,"column":2},"end":{"line":17,"column":4}},"2":{"start":{"line":21,"column":2},"end":{"line":24,"column":4}},"3":{"start":{"line":28,"column":2},"end":{"line":31,"column":4}},"4":{"start":{"line":35,"column":2},"end":{"line":38,"column":4}},"5":{"start":{"line":42,"column":2},"end":{"line":44,"column":4}},"6":{"start":{"line":48,"column":2},"end":{"line":50,"column":4}},"7":{"start":{"line":54,"column":2},"end":{"line":56,"column":4}},"8":{"start":{"line":60,"column":2},"end":{"line":62,"column":4}}},"fnMap":{"0":{"name":"connectionRequest","decl":{"start":{"line":7,"column":16},"end":{"line":7,"column":33}},"loc":{"start":{"line":7,"column":36},"end":{"line":11,"column":1}},"line":7},"1":{"name":"orderBookReset","decl":{"start":{"line":14,"column":16},"end":{"line":14,"column":30}},"loc":{"start":{"line":14,"column":33},"end":{"line":18,"column":1}},"line":14},"2":{"name":"connectionFailed","decl":{"start":{"line":20,"column":16},"end":{"line":20,"column":32}},"loc":{"start":{"line":20,"column":50},"end":{"line":25,"column":1}},"line":20},"3":{"name":"connectionSuccess","decl":{"start":{"line":27,"column":16},"end":{"line":27,"column":33}},"loc":{"start":{"line":27,"column":51},"end":{"line":32,"column":1}},"line":27},"4":{"name":"incomingEvent","decl":{"start":{"line":34,"column":16},"end":{"line":34,"column":29}},"loc":{"start":{"line":34,"column":47},"end":{"line":39,"column":1}},"line":34},"5":{"name":"enableLoader","decl":{"start":{"line":41,"column":16},"end":{"line":41,"column":28}},"loc":{"start":{"line":41,"column":31},"end":{"line":45,"column":1}},"line":41},"6":{"name":"disableLoader","decl":{"start":{"line":47,"column":16},"end":{"line":47,"column":29}},"loc":{"start":{"line":47,"column":32},"end":{"line":51,"column":1}},"line":47},"7":{"name":"disconnect","decl":{"start":{"line":53,"column":16},"end":{"line":53,"column":26}},"loc":{"start":{"line":53,"column":29},"end":{"line":57,"column":1}},"line":53},"8":{"name":"disconnectSuccess","decl":{"start":{"line":59,"column":16},"end":{"line":59,"column":33}},"loc":{"start":{"line":59,"column":36},"end":{"line":63,"column":1}},"line":59}},"branchMap":{},"s":{"0":3,"1":1,"2":1,"3":1,"4":1,"5":1,"6":1,"7":1,"8":1},"f":{"0":3,"1":1,"2":1,"3":1,"4":1,"5":1,"6":1,"7":1,"8":1},"b":{},"_coverageSchema":"43e27e138ebf9cfc5966b082cf9a028302ed4184","hash":"b95633f1769bc784be5ff4eb0943c171966c7eb2"}
,"/Users/saurabhchopra/personal/futures/app/store/reducers/connectionReducer.ts": {"path":"/Users/saurabhchopra/personal/futures/app/store/reducers/connectionReducer.ts","statementMap":{"0":{"start":{"line":9,"column":39},"end":{"line":11,"column":1}},"1":{"start":{"line":13,"column":28},"end":{"line":40,"column":2}},"2":{"start":{"line":18,"column":4},"end":{"line":20,"column":6}},"3":{"start":{"line":23,"column":4},"end":{"line":23,"column":24}},"4":{"start":{"line":29,"column":4},"end":{"line":32,"column":6}},"5":{"start":{"line":35,"column":4},"end":{"line":38,"column":6}}},"fnMap":{"0":{"name":"(anonymous_0)","decl":{"start":{"line":14,"column":2},"end":{"line":14,"column":3}},"loc":{"start":{"line":17,"column":4},"end":{"line":21,"column":3}},"line":17},"1":{"name":"(anonymous_1)","decl":{"start":{"line":22,"column":2},"end":{"line":22,"column":3}},"loc":{"start":{"line":22,"column":60},"end":{"line":24,"column":3}},"line":22},"2":{"name":"(anonymous_2)","decl":{"start":{"line":25,"column":2},"end":{"line":25,"column":3}},"loc":{"start":{"line":28,"column":4},"end":{"line":33,"column":3}},"line":28},"3":{"name":"(anonymous_3)","decl":{"start":{"line":34,"column":2},"end":{"line":34,"column":3}},"loc":{"start":{"line":34,"column":53},"end":{"line":39,"column":3}},"line":34}},"branchMap":{},"s":{"0":0,"1":0,"2":0,"3":0,"4":0,"5":0},"f":{"0":0,"1":0,"2":0,"3":0},"b":{},"hash":"a4e478f3a290460eb6217eb6bfaa3d0c70c5ef3e"}
,"/Users/saurabhchopra/personal/futures/app/store/reducers/index.ts": {"path":"/Users/saurabhchopra/personal/futures/app/store/reducers/index.ts","statementMap":{},"fnMap":{},"branchMap":{},"s":{},"f":{},"b":{},"hash":"9accb2450610674eec45371fe9e922f27b369b34"}
,"/Users/saurabhchopra/personal/futures/app/store/reducers/loadingReducer.ts": {"path":"/Users/saurabhchopra/personal/futures/app/store/reducers/loadingReducer.ts","statementMap":{"0":{"start":{"line":9,"column":31},"end":{"line":11,"column":1}},"1":{"start":{"line":13,"column":30},"end":{"line":20,"column":2}},"2":{"start":{"line":15,"column":4},"end":{"line":15,"column":46}},"3":{"start":{"line":18,"column":4},"end":{"line":18,"column":47}}},"fnMap":{"0":{"name":"(anonymous_0)","decl":{"start":{"line":14,"column":2},"end":{"line":14,"column":3}},"loc":{"start":{"line":14,"column":52},"end":{"line":16,"column":3}},"line":14},"1":{"name":"(anonymous_1)","decl":{"start":{"line":17,"column":2},"end":{"line":17,"column":3}},"loc":{"start":{"line":17,"column":53},"end":{"line":19,"column":3}},"line":17}},"branchMap":{},"s":{"0":0,"1":0,"2":0,"3":0},"f":{"0":0,"1":0},"b":{},"hash":"1ff9a49ff0f482829a72068880d2720bebe1b1d6"}
,"/Users/saurabhchopra/personal/futures/app/store/reducers/orderBookReducer.ts": {"path":"/Users/saurabhchopra/personal/futures/app/store/reducers/orderBookReducer.ts","statementMap":{"0":{"start":{"line":10,"column":45},"end":{"line":13,"column":1}},"1":{"start":{"line":15,"column":32},"end":{"line":29,"column":2}},"2":{"start":{"line":20,"column":27},"end":{"line":20,"column":79}},"3":{"start":{"line":21,"column":4},"end":{"line":24,"column":6}},"4":{"start":{"line":27,"column":4},"end":{"line":27,"column":24}}},"fnMap":{"0":{"name":"(anonymous_0)","decl":{"start":{"line":16,"column":2},"end":{"line":16,"column":3}},"loc":{"start":{"line":19,"column":4},"end":{"line":25,"column":3}},"line":19},"1":{"name":"(anonymous_1)","decl":{"start":{"line":26,"column":2},"end":{"line":26,"column":3}},"loc":{"start":{"line":26,"column":57},"end":{"line":28,"column":3}},"line":26}},"branchMap":{},"s":{"0":0,"1":0,"2":0,"3":0,"4":0},"f":{"0":0,"1":0},"b":{},"hash":"72226e821adb63be2601a9aef0e4d6c0be758018"}
,"/Users/saurabhchopra/personal/futures/app/store/reducers/themeReducer.ts": {"path":"/Users/saurabhchopra/personal/futures/app/store/reducers/themeReducer.ts","statementMap":{"0":{"start":{"line":11,"column":34},"end":{"line":13,"column":1}},"1":{"start":{"line":15,"column":28},"end":{"line":19,"column":2}},"2":{"start":{"line":17,"column":4},"end":{"line":17,"column":47}}},"fnMap":{"0":{"name":"(anonymous_0)","decl":{"start":{"line":16,"column":2},"end":{"line":16,"column":3}},"loc":{"start":{"line":16,"column":71},"end":{"line":18,"column":3}},"line":16}},"branchMap":{},"s":{"0":0,"1":0,"2":0},"f":{"0":0},"b":{},"hash":"ae7cfdbb0f83f8884f6b1d79d421c13e7c4230d9"}
,"/Users/saurabhchopra/personal/futures/app/store/sagas/index.ts": {"path":"/Users/saurabhchopra/personal/futures/app/store/sagas/index.ts","statementMap":{"0":{"start":{"line":9,"column":2},"end":{"line":9,"column":60}}},"fnMap":{"0":{"name":"watch","decl":{"start":{"line":8,"column":25},"end":{"line":8,"column":30}},"loc":{"start":{"line":8,"column":33},"end":{"line":10,"column":1}},"line":8}},"branchMap":{},"s":{"0":0},"f":{"0":0},"b":{},"hash":"a77e4e335a697e0db1a7442320b61f3e06e32593"}
,"/Users/saurabhchopra/personal/futures/app/store/sagas/orderBookSaga.ts": {"path":"/Users/saurabhchopra/personal/futures/app/store/sagas/orderBookSaga.ts","statementMap":{"0":{"start":{"line":9,"column":2},"end":{"line":26,"column":5}},"1":{"start":{"line":10,"column":19},"end":{"line":10,"column":72}},"2":{"start":{"line":12,"column":4},"end":{"line":21,"column":6}},"3":{"start":{"line":13,"column":6},"end":{"line":13,"column":22}},"4":{"start":{"line":14,"column":6},"end":{"line":20,"column":8}},"5":{"start":{"line":23,"column":4},"end":{"line":25,"column":6}},"6":{"start":{"line":24,"column":6},"end":{"line":24,"column":18}},"7":{"start":{"line":30,"column":2},"end":{"line":44,"column":5}},"8":{"start":{"line":31,"column":4},"end":{"line":33,"column":6}},"9":{"start":{"line":32,"column":6},"end":{"line":32,"column":23}},"10":{"start":{"line":35,"column":4},"end":{"line":37,"column":6}},"11":{"start":{"line":36,"column":6},"end":{"line":36,"column":16}},"12":{"start":{"line":39,"column":24},"end":{"line":41,"column":5}},"13":{"start":{"line":40,"column":6},"end":{"line":40,"column":30}},"14":{"start":{"line":43,"column":4},"end":{"line":43,"column":23}},"15":{"start":{"line":51,"column":2},"end":{"line":84,"column":3}},"16":{"start":{"line":52,"column":4},"end":{"line":52,"column":51}},"17":{"start":{"line":53,"column":4},"end":{"line":53,"column":60}},"18":{"start":{"line":56,"column":4},"end":{"line":56,"column":63}},"19":{"start":{"line":57,"column":4},"end":{"line":57,"column":49}},"20":{"start":{"line":59,"column":4},"end":{"line":67,"column":5}},"21":{"start":{"line":61,"column":22},"end":{"line":61,"column":47}},"22":{"start":{"line":66,"column":6},"end":{"line":66,"column":57}},"23":{"start":{"line":69,"column":4},"end":{"line":73,"column":6}},"24":{"start":{"line":75,"column":4},"end":{"line":83,"column":5}},"25":{"start":{"line":77,"column":6},"end":{"line":77,"column":28}},"26":{"start":{"line":80,"column":6},"end":{"line":80,"column":21}},"27":{"start":{"line":82,"column":6},"end":{"line":82,"column":77}},"28":{"start":{"line":89,"column":21},"end":{"line":89,"column":56}},"29":{"start":{"line":92,"column":2},"end":{"line":92,"column":39}},"30":{"start":{"line":93,"column":2},"end":{"line":93,"column":27}},"31":{"start":{"line":94,"column":2},"end":{"line":94,"column":50}}},"fnMap":{"0":{"name":"createWebSocketConnection","decl":{"start":{"line":8,"column":9},"end":{"line":8,"column":34}},"loc":{"start":{"line":8,"column":37},"end":{"line":27,"column":1}},"line":8},"1":{"name":"(anonymous_1)","decl":{"start":{"line":9,"column":21},"end":{"line":9,"column":22}},"loc":{"start":{"line":9,"column":42},"end":{"line":26,"column":3}},"line":9},"2":{"name":"(anonymous_2)","decl":{"start":{"line":12,"column":20},"end":{"line":12,"column":21}},"loc":{"start":{"line":12,"column":32},"end":{"line":21,"column":5}},"line":12},"3":{"name":"(anonymous_3)","decl":{"start":{"line":23,"column":21},"end":{"line":23,"column":22}},"loc":{"start":{"line":23,"column":36},"end":{"line":25,"column":5}},"line":23},"4":{"name":"createSocketChannel","decl":{"start":{"line":29,"column":9},"end":{"line":29,"column":28}},"loc":{"start":{"line":29,"column":37},"end":{"line":45,"column":1}},"line":29},"5":{"name":"(anonymous_5)","decl":{"start":{"line":30,"column":22},"end":{"line":30,"column":23}},"loc":{"start":{"line":30,"column":32},"end":{"line":44,"column":3}},"line":30},"6":{"name":"(anonymous_6)","decl":{"start":{"line":31,"column":23},"end":{"line":31,"column":24}},"loc":{"start":{"line":31,"column":34},"end":{"line":33,"column":5}},"line":31},"7":{"name":"(anonymous_7)","decl":{"start":{"line":35,"column":21},"end":{"line":35,"column":22}},"loc":{"start":{"line":35,"column":27},"end":{"line":37,"column":5}},"line":35},"8":{"name":"(anonymous_8)","decl":{"start":{"line":39,"column":24},"end":{"line":39,"column":25}},"loc":{"start":{"line":39,"column":30},"end":{"line":41,"column":5}},"line":39},"9":{"name":"listenForSocketMessages","decl":{"start":{"line":47,"column":10},"end":{"line":47,"column":33}},"loc":{"start":{"line":47,"column":36},"end":{"line":85,"column":1}},"line":47},"10":{"name":"connect","decl":{"start":{"line":87,"column":17},"end":{"line":87,"column":24}},"loc":{"start":{"line":87,"column":27},"end":{"line":95,"column":1}},"line":87}},"branchMap":{"0":{"loc":{"start":{"line":75,"column":4},"end":{"line":83,"column":5}},"type":"if","locations":[{"start":{"line":75,"column":4},"end":{"line":83,"column":5}},{"start":{"line":75,"column":4},"end":{"line":83,"column":5}}],"line":75}},"s":{"0":0,"1":0,"2":0,"3":0,"4":0,"5":0,"6":0,"7":0,"8":0,"9":0,"10":0,"11":0,"12":0,"13":0,"14":0,"15":0,"16":0,"17":0,"18":0,"19":0,"20":0,"21":0,"22":0,"23":0,"24":0,"25":0,"26":0,"27":0,"28":0,"29":0,"30":0,"31":0},"f":{"0":0,"1":0,"2":0,"3":0,"4":0,"5":0,"6":0,"7":0,"8":0,"9":0,"10":0},"b":{"0":[0,0]},"hash":"32e7c3a89b1b4d2d562efcddbeabbad8f4974eb7"}
,"/Users/saurabhchopra/personal/futures/app/utils/extractData.ts": {"path":"/Users/saurabhchopra/personal/futures/app/utils/extractData.ts","statementMap":{"0":{"start":{"line":3,"column":25},"end":{"line":3,"column":45}},"1":{"start":{"line":4,"column":25},"end":{"line":4,"column":45}},"2":{"start":{"line":7,"column":2},"end":{"line":14,"column":3}},"3":{"start":{"line":9,"column":4},"end":{"line":13,"column":5}},"4":{"start":{"line":10,"column":6},"end":{"line":10,"column":30}},"5":{"start":{"line":12,"column":6},"end":{"line":12,"column":33}},"6":{"start":{"line":18,"column":24},"end":{"line":18,"column":43}},"7":{"start":{"line":19,"column":28},"end":{"line":19,"column":42}},"8":{"start":{"line":20,"column":28},"end":{"line":20,"column":42}},"9":{"start":{"line":21,"column":2},"end":{"line":27,"column":3}},"10":{"start":{"line":22,"column":4},"end":{"line":22,"column":54}},"11":{"start":{"line":23,"column":4},"end":{"line":23,"column":48}},"12":{"start":{"line":24,"column":9},"end":{"line":27,"column":3}},"13":{"start":{"line":25,"column":4},"end":{"line":25,"column":54}},"14":{"start":{"line":26,"column":4},"end":{"line":26,"column":38}},"15":{"start":{"line":29,"column":2},"end":{"line":31,"column":3}},"16":{"start":{"line":35,"column":15},"end":{"line":35,"column":72}},"17":{"start":{"line":36,"column":14},"end":{"line":36,"column":15}},"18":{"start":{"line":37,"column":2},"end":{"line":45,"column":5}},"19":{"start":{"line":38,"column":17},"end":{"line":38,"column":37}},"20":{"start":{"line":39,"column":4},"end":{"line":39,"column":18}},"21":{"start":{"line":40,"column":4},"end":{"line":44,"column":6}}},"fnMap":{"0":{"name":"extractData","decl":{"start":{"line":6,"column":9},"end":{"line":6,"column":20}},"loc":{"start":{"line":6,"column":71},"end":{"line":15,"column":1}},"line":6},"1":{"name":"parsePayload","decl":{"start":{"line":17,"column":9},"end":{"line":17,"column":21}},"loc":{"start":{"line":17,"column":89},"end":{"line":32,"column":1}},"line":17},"2":{"name":"getTotal","decl":{"start":{"line":34,"column":9},"end":{"line":34,"column":17}},"loc":{"start":{"line":34,"column":37},"end":{"line":46,"column":1}},"line":34},"3":{"name":"(anonymous_3)","decl":{"start":{"line":37,"column":18},"end":{"line":37,"column":19}},"loc":{"start":{"line":37,"column":29},"end":{"line":45,"column":3}},"line":37}},"branchMap":{"0":{"loc":{"start":{"line":9,"column":4},"end":{"line":13,"column":5}},"type":"if","locations":[{"start":{"line":9,"column":4},"end":{"line":13,"column":5}},{"start":{"line":9,"column":4},"end":{"line":13,"column":5}}],"line":9},"1":{"loc":{"start":{"line":21,"column":2},"end":{"line":27,"column":3}},"type":"if","locations":[{"start":{"line":21,"column":2},"end":{"line":27,"column":3}},{"start":{"line":21,"column":2},"end":{"line":27,"column":3}}],"line":21},"2":{"loc":{"start":{"line":24,"column":9},"end":{"line":27,"column":3}},"type":"if","locations":[{"start":{"line":24,"column":9},"end":{"line":27,"column":3}},{"start":{"line":24,"column":9},"end":{"line":27,"column":3}}],"line":24}},"s":{"0":0,"1":0,"2":0,"3":0,"4":0,"5":0,"6":0,"7":0,"8":0,"9":0,"10":0,"11":0,"12":0,"13":0,"14":0,"15":0,"16":0,"17":0,"18":0,"19":0,"20":0,"21":0},"f":{"0":0,"1":0,"2":0,"3":0},"b":{"0":[0,0],"1":[0,0],"2":[0,0]},"hash":"95db65df56074246a78a2b70131f2367a64720a1"}
,"/Users/saurabhchopra/personal/futures/app/utils/stringUtils.ts": {"path":"/Users/saurabhchopra/personal/futures/app/utils/stringUtils.ts","statementMap":{"0":{"start":{"line":1,"column":27},"end":{"line":8,"column":1}},"1":{"start":{"line":2,"column":17},"end":{"line":6,"column":13}},"2":{"start":{"line":4,"column":6},"end":{"line":4,"column":45}},"3":{"start":{"line":7,"column":2},"end":{"line":7,"column":34}}},"fnMap":{"0":{"name":"(anonymous_0)","decl":{"start":{"line":1,"column":27},"end":{"line":1,"column":28}},"loc":{"start":{"line":1,"column":45},"end":{"line":8,"column":1}},"line":1},"1":{"name":"(anonymous_1)","decl":{"start":{"line":3,"column":27},"end":{"line":3,"column":28}},"loc":{"start":{"line":3,"column":40},"end":{"line":5,"column":5}},"line":3}},"branchMap":{},"s":{"0":0,"1":0,"2":0,"3":0},"f":{"0":0,"1":0},"b":{},"hash":"79404b6e60c54780de8e2e16b7027f0f8cc02a4e"}
}
