TN:
SF:/Users/saurabhchopra/personal/futures/app/Entrypoint.tsx
FN:57,(anonymous_0)
FN:58,(anonymous_1)
FN:69,(anonymous_2)
FNF:3
FNH:0
FNDA:0,(anonymous_0)
FNDA:0,(anonymous_1)
FNDA:0,(anonymous_2)
DA:19,0
DA:27,0
DA:35,0
DA:40,0
DA:51,0
DA:57,0
DA:58,0
DA:59,0
DA:60,0
DA:62,0
DA:69,0
DA:70,0
LF:12
LH:0
BRDA:59,0,0,0
BRDA:59,0,1,0
BRDA:60,1,0,0
BRDA:60,1,1,0
BRF:4
BRH:0
end_of_record
TN:
SF:/Users/saurabhchopra/personal/futures/app/components/OrderBookTable.tsx
FN:12,(anonymous_0)
FN:13,(anonymous_1)
FN:14,(anonymous_2)
FN:26,(anonymous_3)
FN:38,(anonymous_4)
FNF:5
FNH:3
FNDA:2,(anonymous_0)
FNDA:0,(anonymous_1)
FNDA:0,(anonymous_2)
FNDA:1,(anonymous_3)
FNDA:1,(anonymous_4)
DA:12,2
DA:13,2
DA:14,2
DA:16,2
DA:27,1
DA:39,1
LF:6
LH:6
BRDA:25,0,0,2
BRDA:25,0,1,1
BRDA:37,1,0,2
BRDA:37,1,1,1
BRF:4
BRH:4
end_of_record
TN:
SF:/Users/saurabhchopra/personal/futures/app/components/ThemeController.tsx
FN:14,(anonymous_0)
FN:15,(anonymous_1)
FN:18,(anonymous_2)
FNF:3
FNH:1
FNDA:3,(anonymous_0)
FNDA:0,(anonymous_1)
FNDA:0,(anonymous_2)
DA:14,2
DA:15,3
DA:17,3
DA:18,3
DA:19,3
DA:20,3
DA:22,3
DA:30,2
LF:8
LH:8
BRDA:19,0,0,0
BRDA:19,0,1,3
BRDA:20,1,0,0
BRDA:20,1,1,3
BRF:4
BRH:2
end_of_record
TN:
SF:/Users/saurabhchopra/personal/futures/app/lib/createReducer.ts
FN:5,createReducer
FN:6,reducer
FNF:2
FNH:0
FNDA:0,createReducer
FNDA:0,reducer
DA:6,0
DA:7,0
DA:8,0
DA:10,0
LF:4
LH:0
BRDA:6,0,0,0
BRDA:7,1,0,0
BRDA:7,1,1,0
BRF:3
BRH:0
end_of_record
TN:
SF:/Users/saurabhchopra/personal/futures/app/models/actions/connection.ts
FNF:0
FNH:0
LF:0
LH:0
BRF:0
BRH:0
end_of_record
TN:
SF:/Users/saurabhchopra/personal/futures/app/models/actions/theme.ts
FNF:0
FNH:0
LF:0
LH:0
BRF:0
BRH:0
end_of_record
TN:
SF:/Users/saurabhchopra/personal/futures/app/models/api/order.ts
FNF:0
FNH:0
LF:0
LH:0
BRF:0
BRH:0
end_of_record
TN:
SF:/Users/saurabhchopra/personal/futures/app/models/reducers/connection.ts
FNF:0
FNH:0
LF:0
LH:0
BRF:0
BRH:0
end_of_record
TN:
SF:/Users/saurabhchopra/personal/futures/app/models/reducers/loading.ts
FNF:0
FNH:0
LF:0
LH:0
BRF:0
BRH:0
end_of_record
TN:
SF:/Users/saurabhchopra/personal/futures/app/models/reducers/orderBook.ts
FNF:0
FNH:0
LF:0
LH:0
BRF:0
BRH:0
end_of_record
TN:
SF:/Users/saurabhchopra/personal/futures/app/models/reducers/theme.ts
FNF:0
FNH:0
LF:0
LH:0
BRF:0
BRH:0
end_of_record
TN:
SF:/Users/saurabhchopra/personal/futures/app/navigation/NavigationService.tsx
FN:7,navigate
FN:11,goBack
FNF:2
FNH:0
FNDA:0,navigate
FNDA:0,goBack
DA:5,1
DA:8,0
DA:12,0
LF:3
LH:1
BRF:0
BRH:0
end_of_record
TN:
SF:/Users/saurabhchopra/personal/futures/app/navigation/NavigationStack.tsx
FN:18,(anonymous_0)
FN:31,(anonymous_1)
FNF:2
FNH:2
FNDA:1,(anonymous_0)
FNDA:2,(anonymous_1)
DA:12,1
DA:18,1
DA:19,1
DA:21,1
DA:31,2
LF:5
LH:5
BRDA:23,0,0,1
BRDA:23,0,1,0
BRF:2
BRH:1
end_of_record
TN:
SF:/Users/saurabhchopra/personal/futures/app/navigation/index.tsx
FNF:0
FNH:0
LF:0
LH:0
BRF:0
BRH:0
end_of_record
TN:
SF:/Users/saurabhchopra/personal/futures/app/screens/Home/index.tsx
FN:11,(anonymous_0)
FNF:1
FNH:1
FNDA:1,(anonymous_0)
DA:11,1
DA:12,1
DA:13,1
DA:15,1
LF:4
LH:4
BRF:0
BRH:0
end_of_record
TN:
SF:/Users/saurabhchopra/personal/futures/app/screens/Home/styles.ts
FNF:0
FNH:0
DA:3,1
LF:1
LH:1
BRF:0
BRH:0
end_of_record
TN:
SF:/Users/saurabhchopra/personal/futures/app/store/index.ts
FN:31,(anonymous_0)
FN:34,(anonymous_1)
FNF:2
FNH:0
FNDA:0,(anonymous_0)
FNDA:0,(anonymous_1)
DA:10,0
DA:17,0
DA:18,0
DA:20,0
DA:22,0
DA:23,0
DA:26,0
DA:27,0
DA:29,0
DA:30,0
DA:31,0
DA:34,0
DA:35,0
DA:38,0
LF:14
LH:0
BRDA:22,0,0,0
BRDA:22,0,1,0
BRF:2
BRH:0
end_of_record
TN:
SF:/Users/saurabhchopra/personal/futures/app/store/actions/index.ts
FNF:0
FNH:0
DA:6,0
LF:1
LH:0
BRF:0
BRH:0
end_of_record
TN:
SF:/Users/saurabhchopra/personal/futures/app/store/actions/navigationActions.ts
FN:6,navigateToHome
FN:10,navigateToForgotPassword
FNF:2
FNH:0
FNDA:0,navigateToHome
FNDA:0,navigateToForgotPassword
DA:7,0
DA:11,0
LF:2
LH:0
BRF:0
BRH:0
end_of_record
TN:
SF:/Users/saurabhchopra/personal/futures/app/store/actions/themeActions.ts
FN:3,setIsDarkTheme
FNF:1
FNH:1
FNDA:1,setIsDarkTheme
DA:4,1
LF:1
LH:1
BRF:0
BRH:0
end_of_record
TN:
SF:/Users/saurabhchopra/personal/futures/app/store/actions/types.ts
FNF:0
FNH:0
DA:2,4
DA:3,4
DA:6,4
DA:9,4
DA:10,4
DA:11,4
DA:12,4
DA:13,4
DA:14,4
DA:16,4
DA:17,4
LF:11
LH:11
BRF:0
BRH:0
end_of_record
TN:
SF:/Users/saurabhchopra/personal/futures/app/store/actions/websocketActions.ts
FN:7,connectionRequest
FN:14,orderBookReset
FN:20,connectionFailed
FN:27,connectionSuccess
FN:34,incomingEvent
FN:41,enableLoader
FN:47,disableLoader
FN:53,disconnect
FN:59,disconnectSuccess
FNF:9
FNH:9
FNDA:3,connectionRequest
FNDA:1,orderBookReset
FNDA:1,connectionFailed
FNDA:1,connectionSuccess
FNDA:1,incomingEvent
FNDA:1,enableLoader
FNDA:1,disableLoader
FNDA:1,disconnect
FNDA:1,disconnectSuccess
DA:8,3
DA:15,1
DA:21,1
DA:28,1
DA:35,1
DA:42,1
DA:48,1
DA:54,1
DA:60,1
LF:9
LH:9
BRF:0
BRH:0
end_of_record
TN:
SF:/Users/saurabhchopra/personal/futures/app/store/reducers/connectionReducer.ts
FN:14,(anonymous_0)
FN:22,(anonymous_1)
FN:25,(anonymous_2)
FN:34,(anonymous_3)
FNF:4
FNH:0
FNDA:0,(anonymous_0)
FNDA:0,(anonymous_1)
FNDA:0,(anonymous_2)
FNDA:0,(anonymous_3)
DA:9,0
DA:13,0
DA:18,0
DA:23,0
DA:29,0
DA:35,0
LF:6
LH:0
BRF:0
BRH:0
end_of_record
TN:
SF:/Users/saurabhchopra/personal/futures/app/store/reducers/index.ts
FNF:0
FNH:0
LF:0
LH:0
BRF:0
BRH:0
end_of_record
TN:
SF:/Users/saurabhchopra/personal/futures/app/store/reducers/loadingReducer.ts
FN:14,(anonymous_0)
FN:17,(anonymous_1)
FNF:2
FNH:0
FNDA:0,(anonymous_0)
FNDA:0,(anonymous_1)
DA:9,0
DA:13,0
DA:15,0
DA:18,0
LF:4
LH:0
BRF:0
BRH:0
end_of_record
TN:
SF:/Users/saurabhchopra/personal/futures/app/store/reducers/orderBookReducer.ts
FN:16,(anonymous_0)
FN:26,(anonymous_1)
FNF:2
FNH:0
FNDA:0,(anonymous_0)
FNDA:0,(anonymous_1)
DA:10,0
DA:15,0
DA:20,0
DA:21,0
DA:27,0
LF:5
LH:0
BRF:0
BRH:0
end_of_record
TN:
SF:/Users/saurabhchopra/personal/futures/app/store/reducers/themeReducer.ts
FN:16,(anonymous_0)
FNF:1
FNH:0
FNDA:0,(anonymous_0)
DA:11,0
DA:15,0
DA:17,0
LF:3
LH:0
BRF:0
BRH:0
end_of_record
TN:
SF:/Users/saurabhchopra/personal/futures/app/store/sagas/index.ts
FN:8,watch
FNF:1
FNH:0
FNDA:0,watch
DA:9,0
LF:1
LH:0
BRF:0
BRH:0
end_of_record
TN:
SF:/Users/saurabhchopra/personal/futures/app/store/sagas/orderBookSaga.ts
FN:8,createWebSocketConnection
FN:9,(anonymous_1)
FN:12,(anonymous_2)
FN:23,(anonymous_3)
FN:29,createSocketChannel
FN:30,(anonymous_5)
FN:31,(anonymous_6)
FN:35,(anonymous_7)
FN:39,(anonymous_8)
FN:47,listenForSocketMessages
FN:87,connect
FNF:11
FNH:0
FNDA:0,createWebSocketConnection
FNDA:0,(anonymous_1)
FNDA:0,(anonymous_2)
FNDA:0,(anonymous_3)
FNDA:0,createSocketChannel
FNDA:0,(anonymous_5)
FNDA:0,(anonymous_6)
FNDA:0,(anonymous_7)
FNDA:0,(anonymous_8)
FNDA:0,listenForSocketMessages
FNDA:0,connect
DA:9,0
DA:10,0
DA:12,0
DA:13,0
DA:14,0
DA:23,0
DA:24,0
DA:30,0
DA:31,0
DA:32,0
DA:35,0
DA:36,0
DA:39,0
DA:40,0
DA:43,0
DA:51,0
DA:52,0
DA:53,0
DA:56,0
DA:57,0
DA:59,0
DA:61,0
DA:66,0
DA:69,0
DA:75,0
DA:77,0
DA:80,0
DA:82,0
DA:89,0
DA:92,0
DA:93,0
DA:94,0
LF:32
LH:0
BRDA:75,0,0,0
BRDA:75,0,1,0
BRF:2
BRH:0
end_of_record
TN:
SF:/Users/saurabhchopra/personal/futures/app/utils/extractData.ts
FN:6,extractData
FN:17,parsePayload
FN:34,getTotal
FN:37,(anonymous_3)
FNF:4
FNH:0
FNDA:0,extractData
FNDA:0,parsePayload
FNDA:0,getTotal
FNDA:0,(anonymous_3)
DA:3,0
DA:4,0
DA:7,0
DA:9,0
DA:10,0
DA:12,0
DA:18,0
DA:19,0
DA:20,0
DA:21,0
DA:22,0
DA:23,0
DA:24,0
DA:25,0
DA:26,0
DA:29,0
DA:35,0
DA:36,0
DA:37,0
DA:38,0
DA:39,0
DA:40,0
LF:22
LH:0
BRDA:9,0,0,0
BRDA:9,0,1,0
BRDA:21,1,0,0
BRDA:21,1,1,0
BRDA:24,2,0,0
BRDA:24,2,1,0
BRF:6
BRH:0
end_of_record
TN:
SF:/Users/saurabhchopra/personal/futures/app/utils/stringUtils.ts
FN:1,(anonymous_0)
FN:3,(anonymous_1)
FNF:2
FNH:0
FNDA:0,(anonymous_0)
FNDA:0,(anonymous_1)
DA:1,0
DA:2,0
DA:4,0
DA:7,0
LF:4
LH:0
BRF:0
BRH:0
end_of_record
